<?xml version="1.0" encoding="UTF-8"?>
<!-- Generated by org.testng.reporters.JUnitXMLReporter -->
<testsuite hostname="CM000946-WIN" ignored="0" name="CPGroupTest" tests="17" failures="0" timestamp="18 Sep 2020 12:45:13 GMT" time="5.441" errors="0">
  <testcase name="dataDrivenTest" time="2.238" classname="com.scott.api.test.EndToEndPositiveTest"/>
  <testcase name="dataDrivenTest" time="0.561" classname="com.scott.api.test.EndToEndPositiveTest"/>
  <testcase name="dataDrivenTest" time="0.121" classname="com.scott.api.test.NegativeLocationTest"/>
  <testcase name="dataDrivenTest" time="0.114" classname="com.scott.api.test.NegativeLocationTest"/>
  <testcase name="dataDrivenTest" time="0.731" classname="com.scott.api.test.NegativeServiceTest"/>
  <testcase name="dataDrivenTest" time="0.113" classname="com.scott.api.test.NegativeServiceTest"/>
  <testcase name="dataDrivenTest" time="0.141" classname="com.scott.api.test.NegativeServiceTest"/>
  <testcase name="dataDrivenTest" time="0.117" classname="com.scott.api.test.NegativeServiceTest"/>
  <testcase name="dataDrivenTest" time="0.115" classname="com.scott.api.test.NegativeServiceTest"/>
  <testcase name="dataDrivenTest" time="0.123" classname="com.scott.api.test.NegativeServiceTest"/>
  <testcase name="dataDrivenTest" time="0.115" classname="com.scott.api.test.NegativeCalculateCostTest"/>
  <testcase name="dataDrivenTest" time="0.119" classname="com.scott.api.test.NegativeCalculateCostTest"/>
  <testcase name="dataDrivenTest" time="0.211" classname="com.scott.api.test.NegativeCalculateCostTest"/>
  <testcase name="dataDrivenTest" time="0.104" classname="com.scott.api.test.NegativeCalculateCostTest"/>
  <testcase name="dataDrivenTest" time="0.15" classname="com.scott.api.test.NegativeCalculateCostTest"/>
  <testcase name="dataDrivenTest" time="0.171" classname="com.scott.api.test.NegativeCalculateCostTest"/>
  <testcase name="dataDrivenTest" time="0.12" classname="com.scott.api.test.NegativeCalculateCostTest"/>
</testsuite> <!-- CPGroupTest -->
