<?xml version="1.0" encoding="UTF-8"?>
<testng-results skipped="0" failed="0" ignored="0" total="17" passed="17">
  <reporter-output>
  </reporter-output>
  <suite name="CPGroupTest" duration-ms="5441" started-at="2020-09-18T12:45:08Z" finished-at="2020-09-18T12:45:13Z">
    <groups>
    </groups>
    <test name="CPGroupTest" duration-ms="5441" started-at="2020-09-18T12:45:08Z" finished-at="2020-09-18T12:45:13Z">
      <class name="com.scott.api.test.NegativeLocationTest">
        <test-method status="PASS" signature="setup()[pri:0, instance:com.scott.api.test.NegativeLocationTest@7ca48474]" name="setup" is-config="true" duration-ms="1" started-at="2020-09-18T12:45:11Z" finished-at="2020-09-18T12:45:11Z">
          <reporter-output>
          </reporter-output>
        </test-method> <!-- setup -->
        <test-method status="PASS" signature="dataDrivenTest(java.lang.String, java.lang.String)[pri:0, instance:com.scott.api.test.NegativeLocationTest@7ca48474]" name="dataDrivenTest" duration-ms="121" started-at="2020-09-18T12:45:11Z" data-provider="data-provider" finished-at="2020-09-18T12:45:11Z">
          <params>
            <param index="0">
              <value>
                <![CDATA[xxxxx]]>
              </value>
            </param>
            <param index="1">
              <value>
                <![CDATA[NSW]]>
              </value>
            </param>
          </params>
          <reporter-output>
          </reporter-output>
        </test-method> <!-- dataDrivenTest -->
        <test-method status="PASS" signature="dataDrivenTest(java.lang.String, java.lang.String)[pri:0, instance:com.scott.api.test.NegativeLocationTest@7ca48474]" name="dataDrivenTest" duration-ms="114" started-at="2020-09-18T12:45:11Z" data-provider="data-provider" finished-at="2020-09-18T12:45:11Z">
          <params>
            <param index="0">
              <value>
                <![CDATA[eastwood]]>
              </value>
            </param>
            <param index="1">
              <value>
                <![CDATA[ ABC]]>
              </value>
            </param>
          </params>
          <reporter-output>
          </reporter-output>
        </test-method> <!-- dataDrivenTest -->
      </class> <!-- com.scott.api.test.NegativeLocationTest -->
      <class name="com.scott.api.test.NegativeServiceTest">
        <test-method status="PASS" signature="setup()[pri:0, instance:com.scott.api.test.NegativeServiceTest@337d0578]" name="setup" is-config="true" duration-ms="0" started-at="2020-09-18T12:45:11Z" finished-at="2020-09-18T12:45:11Z">
          <reporter-output>
          </reporter-output>
        </test-method> <!-- setup -->
        <test-method status="PASS" signature="dataDrivenTest(java.lang.String, java.lang.String, java.lang.String, java.lang.String, java.lang.String, java.lang.String, java.lang.String)[pri:0, instance:com.scott.api.test.NegativeServiceTest@337d0578]" name="dataDrivenTest" duration-ms="731" started-at="2020-09-18T12:45:11Z" data-provider="data-provider" finished-at="2020-09-18T12:45:12Z">
          <params>
            <param index="0">
              <value>
                <![CDATA[2122]]>
              </value>
            </param>
            <param index="1">
              <value>
                <![CDATA[ 123]]>
              </value>
            </param>
            <param index="2">
              <value>
                <![CDATA[ 10]]>
              </value>
            </param>
            <param index="3">
              <value>
                <![CDATA[ 10]]>
              </value>
            </param>
            <param index="4">
              <value>
                <![CDATA[ 1]]>
              </value>
            </param>
            <param index="5">
              <value>
                <![CDATA[20]]>
              </value>
            </param>
            <param index="6">
              <value>
                <![CDATA[Please enter a valid To postcode.]]>
              </value>
            </param>
          </params>
          <reporter-output>
          </reporter-output>
        </test-method> <!-- dataDrivenTest -->
        <test-method status="PASS" signature="dataDrivenTest(java.lang.String, java.lang.String, java.lang.String, java.lang.String, java.lang.String, java.lang.String, java.lang.String)[pri:0, instance:com.scott.api.test.NegativeServiceTest@337d0578]" name="dataDrivenTest" duration-ms="113" started-at="2020-09-18T12:45:12Z" data-provider="data-provider" finished-at="2020-09-18T12:45:12Z">
          <params>
            <param index="0">
              <value>
                <![CDATA[123]]>
              </value>
            </param>
            <param index="1">
              <value>
                <![CDATA[ 2122]]>
              </value>
            </param>
            <param index="2">
              <value>
                <![CDATA[ 10]]>
              </value>
            </param>
            <param index="3">
              <value>
                <![CDATA[ 10]]>
              </value>
            </param>
            <param index="4">
              <value>
                <![CDATA[ 1]]>
              </value>
            </param>
            <param index="5">
              <value>
                <![CDATA[20]]>
              </value>
            </param>
            <param index="6">
              <value>
                <![CDATA[Please enter a valid From postcode.]]>
              </value>
            </param>
          </params>
          <reporter-output>
          </reporter-output>
        </test-method> <!-- dataDrivenTest -->
        <test-method status="PASS" signature="dataDrivenTest(java.lang.String, java.lang.String, java.lang.String, java.lang.String, java.lang.String, java.lang.String, java.lang.String)[pri:0, instance:com.scott.api.test.NegativeServiceTest@337d0578]" name="dataDrivenTest" duration-ms="141" started-at="2020-09-18T12:45:12Z" data-provider="data-provider" finished-at="2020-09-18T12:45:12Z">
          <params>
            <param index="0">
              <value>
                <![CDATA[2122]]>
              </value>
            </param>
            <param index="1">
              <value>
                <![CDATA[ 2122]]>
              </value>
            </param>
            <param index="2">
              <value>
                <![CDATA[ 100000]]>
              </value>
            </param>
            <param index="3">
              <value>
                <![CDATA[ 10]]>
              </value>
            </param>
            <param index="4">
              <value>
                <![CDATA[ 1]]>
              </value>
            </param>
            <param index="5">
              <value>
                <![CDATA[20]]>
              </value>
            </param>
            <param index="6">
              <value>
                <![CDATA[The length cannot exceed 105cm.]]>
              </value>
            </param>
          </params>
          <reporter-output>
          </reporter-output>
        </test-method> <!-- dataDrivenTest -->
        <test-method status="PASS" signature="dataDrivenTest(java.lang.String, java.lang.String, java.lang.String, java.lang.String, java.lang.String, java.lang.String, java.lang.String)[pri:0, instance:com.scott.api.test.NegativeServiceTest@337d0578]" name="dataDrivenTest" duration-ms="117" started-at="2020-09-18T12:45:12Z" data-provider="data-provider" finished-at="2020-09-18T12:45:12Z">
          <params>
            <param index="0">
              <value>
                <![CDATA[2122]]>
              </value>
            </param>
            <param index="1">
              <value>
                <![CDATA[ 2122]]>
              </value>
            </param>
            <param index="2">
              <value>
                <![CDATA[ 10]]>
              </value>
            </param>
            <param index="3">
              <value>
                <![CDATA[ 10000000]]>
              </value>
            </param>
            <param index="4">
              <value>
                <![CDATA[ 1]]>
              </value>
            </param>
            <param index="5">
              <value>
                <![CDATA[20]]>
              </value>
            </param>
            <param index="6">
              <value>
                <![CDATA[The width cannot exceed 105cm.]]>
              </value>
            </param>
          </params>
          <reporter-output>
          </reporter-output>
        </test-method> <!-- dataDrivenTest -->
        <test-method status="PASS" signature="dataDrivenTest(java.lang.String, java.lang.String, java.lang.String, java.lang.String, java.lang.String, java.lang.String, java.lang.String)[pri:0, instance:com.scott.api.test.NegativeServiceTest@337d0578]" name="dataDrivenTest" duration-ms="115" started-at="2020-09-18T12:45:12Z" data-provider="data-provider" finished-at="2020-09-18T12:45:12Z">
          <params>
            <param index="0">
              <value>
                <![CDATA[2122]]>
              </value>
            </param>
            <param index="1">
              <value>
                <![CDATA[ 2122]]>
              </value>
            </param>
            <param index="2">
              <value>
                <![CDATA[ 10]]>
              </value>
            </param>
            <param index="3">
              <value>
                <![CDATA[ 10]]>
              </value>
            </param>
            <param index="4">
              <value>
                <![CDATA[ 1000]]>
              </value>
            </param>
            <param index="5">
              <value>
                <![CDATA[20]]>
              </value>
            </param>
            <param index="6">
              <value>
                <![CDATA[The height cannot exceed 105cm.]]>
              </value>
            </param>
          </params>
          <reporter-output>
          </reporter-output>
        </test-method> <!-- dataDrivenTest -->
        <test-method status="PASS" signature="dataDrivenTest(java.lang.String, java.lang.String, java.lang.String, java.lang.String, java.lang.String, java.lang.String, java.lang.String)[pri:0, instance:com.scott.api.test.NegativeServiceTest@337d0578]" name="dataDrivenTest" duration-ms="123" started-at="2020-09-18T12:45:12Z" data-provider="data-provider" finished-at="2020-09-18T12:45:12Z">
          <params>
            <param index="0">
              <value>
                <![CDATA[2122]]>
              </value>
            </param>
            <param index="1">
              <value>
                <![CDATA[ 2122]]>
              </value>
            </param>
            <param index="2">
              <value>
                <![CDATA[ 10]]>
              </value>
            </param>
            <param index="3">
              <value>
                <![CDATA[ 10]]>
              </value>
            </param>
            <param index="4">
              <value>
                <![CDATA[ 10]]>
              </value>
            </param>
            <param index="5">
              <value>
                <![CDATA[200000]]>
              </value>
            </param>
            <param index="6">
              <value>
                <![CDATA[The maximum weight of a parcel is 22 kg.]]>
              </value>
            </param>
          </params>
          <reporter-output>
          </reporter-output>
        </test-method> <!-- dataDrivenTest -->
      </class> <!-- com.scott.api.test.NegativeServiceTest -->
      <class name="com.scott.api.test.EndToEndPositiveTest">
        <test-method status="PASS" signature="setup()[pri:0, instance:com.scott.api.test.EndToEndPositiveTest@13a57a3b]" name="setup" is-config="true" duration-ms="46" started-at="2020-09-18T12:45:08Z" finished-at="2020-09-18T12:45:08Z">
          <reporter-output>
          </reporter-output>
        </test-method> <!-- setup -->
        <test-method status="PASS" signature="dataDrivenTest(java.lang.String, java.lang.String, java.lang.String, java.lang.String, java.lang.String, java.lang.String, java.lang.String, java.lang.String, java.lang.String)[pri:0, instance:com.scott.api.test.EndToEndPositiveTest@13a57a3b]" name="dataDrivenTest" duration-ms="2238" started-at="2020-09-18T12:45:08Z" data-provider="data-provider" finished-at="2020-09-18T12:45:10Z">
          <params>
            <param index="0">
              <value>
                <![CDATA[eastwood]]>
              </value>
            </param>
            <param index="1">
              <value>
                <![CDATA[NSW]]>
              </value>
            </param>
            <param index="2">
              <value>
                <![CDATA[BLAXLANDS RIDGE]]>
              </value>
            </param>
            <param index="3">
              <value>
                <![CDATA[NSW]]>
              </value>
            </param>
            <param index="4">
              <value>
                <![CDATA[ 10]]>
              </value>
            </param>
            <param index="5">
              <value>
                <![CDATA[20]]>
              </value>
            </param>
            <param index="6">
              <value>
                <![CDATA[30]]>
              </value>
            </param>
            <param index="7">
              <value>
                <![CDATA[50]]>
              </value>
            </param>
            <param index="8">
              <value>
                <![CDATA[27.00]]>
              </value>
            </param>
          </params>
          <reporter-output>
          </reporter-output>
        </test-method> <!-- dataDrivenTest -->
        <test-method status="PASS" signature="dataDrivenTest(java.lang.String, java.lang.String, java.lang.String, java.lang.String, java.lang.String, java.lang.String, java.lang.String, java.lang.String, java.lang.String)[pri:0, instance:com.scott.api.test.EndToEndPositiveTest@13a57a3b]" name="dataDrivenTest" duration-ms="561" started-at="2020-09-18T12:45:10Z" data-provider="data-provider" finished-at="2020-09-18T12:45:11Z">
          <params>
            <param index="0">
              <value>
                <![CDATA[HORNSBY HEIGHTS]]>
              </value>
            </param>
            <param index="1">
              <value>
                <![CDATA[NSW]]>
              </value>
            </param>
            <param index="2">
              <value>
                <![CDATA[BLAXLANDS CREEK]]>
              </value>
            </param>
            <param index="3">
              <value>
                <![CDATA[NSW]]>
              </value>
            </param>
            <param index="4">
              <value>
                <![CDATA[10]]>
              </value>
            </param>
            <param index="5">
              <value>
                <![CDATA[22]]>
              </value>
            </param>
            <param index="6">
              <value>
                <![CDATA[30]]>
              </value>
            </param>
            <param index="7">
              <value>
                <![CDATA[50]]>
              </value>
            </param>
            <param index="8">
              <value>
                <![CDATA[80.75]]>
              </value>
            </param>
          </params>
          <reporter-output>
          </reporter-output>
        </test-method> <!-- dataDrivenTest -->
      </class> <!-- com.scott.api.test.EndToEndPositiveTest -->
      <class name="com.scott.api.test.NegativeCalculateCostTest">
        <test-method status="PASS" signature="setup()[pri:0, instance:com.scott.api.test.NegativeCalculateCostTest@59e84876]" name="setup" is-config="true" duration-ms="0" started-at="2020-09-18T12:45:12Z" finished-at="2020-09-18T12:45:12Z">
          <reporter-output>
          </reporter-output>
        </test-method> <!-- setup -->
        <test-method status="PASS" signature="dataDrivenTest(java.lang.String, java.lang.String, java.lang.String, java.lang.String, java.lang.String, java.lang.String, java.lang.String, java.lang.String)[pri:0, instance:com.scott.api.test.NegativeCalculateCostTest@59e84876]" name="dataDrivenTest" duration-ms="115" started-at="2020-09-18T12:45:12Z" data-provider="data-provider" finished-at="2020-09-18T12:45:13Z">
          <params>
            <param index="0">
              <value>
                <![CDATA[2122]]>
              </value>
            </param>
            <param index="1">
              <value>
                <![CDATA[ 123]]>
              </value>
            </param>
            <param index="2">
              <value>
                <![CDATA[ 10]]>
              </value>
            </param>
            <param index="3">
              <value>
                <![CDATA[ 10]]>
              </value>
            </param>
            <param index="4">
              <value>
                <![CDATA[ 1]]>
              </value>
            </param>
            <param index="5">
              <value>
                <![CDATA[20]]>
              </value>
            </param>
            <param index="6">
              <value>
                <![CDATA[AUS_PARCEL_EXPRESS]]>
              </value>
            </param>
            <param index="7">
              <value>
                <![CDATA[Please enter a valid To postcode.]]>
              </value>
            </param>
          </params>
          <reporter-output>
          </reporter-output>
        </test-method> <!-- dataDrivenTest -->
        <test-method status="PASS" signature="dataDrivenTest(java.lang.String, java.lang.String, java.lang.String, java.lang.String, java.lang.String, java.lang.String, java.lang.String, java.lang.String)[pri:0, instance:com.scott.api.test.NegativeCalculateCostTest@59e84876]" name="dataDrivenTest" duration-ms="119" started-at="2020-09-18T12:45:13Z" data-provider="data-provider" finished-at="2020-09-18T12:45:13Z">
          <params>
            <param index="0">
              <value>
                <![CDATA[123]]>
              </value>
            </param>
            <param index="1">
              <value>
                <![CDATA[ 2122]]>
              </value>
            </param>
            <param index="2">
              <value>
                <![CDATA[ 10]]>
              </value>
            </param>
            <param index="3">
              <value>
                <![CDATA[ 10]]>
              </value>
            </param>
            <param index="4">
              <value>
                <![CDATA[ 1]]>
              </value>
            </param>
            <param index="5">
              <value>
                <![CDATA[20]]>
              </value>
            </param>
            <param index="6">
              <value>
                <![CDATA[AUS_PARCEL_EXPRESS]]>
              </value>
            </param>
            <param index="7">
              <value>
                <![CDATA[Please enter a valid From postcode.]]>
              </value>
            </param>
          </params>
          <reporter-output>
          </reporter-output>
        </test-method> <!-- dataDrivenTest -->
        <test-method status="PASS" signature="dataDrivenTest(java.lang.String, java.lang.String, java.lang.String, java.lang.String, java.lang.String, java.lang.String, java.lang.String, java.lang.String)[pri:0, instance:com.scott.api.test.NegativeCalculateCostTest@59e84876]" name="dataDrivenTest" duration-ms="211" started-at="2020-09-18T12:45:13Z" data-provider="data-provider" finished-at="2020-09-18T12:45:13Z">
          <params>
            <param index="0">
              <value>
                <![CDATA[2122]]>
              </value>
            </param>
            <param index="1">
              <value>
                <![CDATA[ 2122]]>
              </value>
            </param>
            <param index="2">
              <value>
                <![CDATA[ 10]]>
              </value>
            </param>
            <param index="3">
              <value>
                <![CDATA[ 10]]>
              </value>
            </param>
            <param index="4">
              <value>
                <![CDATA[ 1]]>
              </value>
            </param>
            <param index="5">
              <value>
                <![CDATA[20]]>
              </value>
            </param>
            <param index="6">
              <value>
                <![CDATA[AUS_PPPPPPPP]]>
              </value>
            </param>
            <param index="7">
              <value>
                <![CDATA[Please enter a valid Service code.]]>
              </value>
            </param>
          </params>
          <reporter-output>
          </reporter-output>
        </test-method> <!-- dataDrivenTest -->
        <test-method status="PASS" signature="dataDrivenTest(java.lang.String, java.lang.String, java.lang.String, java.lang.String, java.lang.String, java.lang.String, java.lang.String, java.lang.String)[pri:0, instance:com.scott.api.test.NegativeCalculateCostTest@59e84876]" name="dataDrivenTest" duration-ms="104" started-at="2020-09-18T12:45:13Z" data-provider="data-provider" finished-at="2020-09-18T12:45:13Z">
          <params>
            <param index="0">
              <value>
                <![CDATA[2122]]>
              </value>
            </param>
            <param index="1">
              <value>
                <![CDATA[ 2122]]>
              </value>
            </param>
            <param index="2">
              <value>
                <![CDATA[ 100000]]>
              </value>
            </param>
            <param index="3">
              <value>
                <![CDATA[ 10]]>
              </value>
            </param>
            <param index="4">
              <value>
                <![CDATA[ 1]]>
              </value>
            </param>
            <param index="5">
              <value>
                <![CDATA[20]]>
              </value>
            </param>
            <param index="6">
              <value>
                <![CDATA[AUS_PARCEL_EXPRESS]]>
              </value>
            </param>
            <param index="7">
              <value>
                <![CDATA[The length cannot exceed 105cm.]]>
              </value>
            </param>
          </params>
          <reporter-output>
          </reporter-output>
        </test-method> <!-- dataDrivenTest -->
        <test-method status="PASS" signature="dataDrivenTest(java.lang.String, java.lang.String, java.lang.String, java.lang.String, java.lang.String, java.lang.String, java.lang.String, java.lang.String)[pri:0, instance:com.scott.api.test.NegativeCalculateCostTest@59e84876]" name="dataDrivenTest" duration-ms="150" started-at="2020-09-18T12:45:13Z" data-provider="data-provider" finished-at="2020-09-18T12:45:13Z">
          <params>
            <param index="0">
              <value>
                <![CDATA[2122]]>
              </value>
            </param>
            <param index="1">
              <value>
                <![CDATA[ 2122]]>
              </value>
            </param>
            <param index="2">
              <value>
                <![CDATA[ 10]]>
              </value>
            </param>
            <param index="3">
              <value>
                <![CDATA[ 10000000]]>
              </value>
            </param>
            <param index="4">
              <value>
                <![CDATA[ 1]]>
              </value>
            </param>
            <param index="5">
              <value>
                <![CDATA[20]]>
              </value>
            </param>
            <param index="6">
              <value>
                <![CDATA[AUS_PARCEL_EXPRESS]]>
              </value>
            </param>
            <param index="7">
              <value>
                <![CDATA[The width cannot exceed 105cm.]]>
              </value>
            </param>
          </params>
          <reporter-output>
          </reporter-output>
        </test-method> <!-- dataDrivenTest -->
        <test-method status="PASS" signature="dataDrivenTest(java.lang.String, java.lang.String, java.lang.String, java.lang.String, java.lang.String, java.lang.String, java.lang.String, java.lang.String)[pri:0, instance:com.scott.api.test.NegativeCalculateCostTest@59e84876]" name="dataDrivenTest" duration-ms="171" started-at="2020-09-18T12:45:13Z" data-provider="data-provider" finished-at="2020-09-18T12:45:13Z">
          <params>
            <param index="0">
              <value>
                <![CDATA[2122]]>
              </value>
            </param>
            <param index="1">
              <value>
                <![CDATA[ 2122]]>
              </value>
            </param>
            <param index="2">
              <value>
                <![CDATA[ 10]]>
              </value>
            </param>
            <param index="3">
              <value>
                <![CDATA[ 10]]>
              </value>
            </param>
            <param index="4">
              <value>
                <![CDATA[ 1000]]>
              </value>
            </param>
            <param index="5">
              <value>
                <![CDATA[20]]>
              </value>
            </param>
            <param index="6">
              <value>
                <![CDATA[AUS_PARCEL_EXPRESS]]>
              </value>
            </param>
            <param index="7">
              <value>
                <![CDATA[The height cannot exceed 105cm.]]>
              </value>
            </param>
          </params>
          <reporter-output>
          </reporter-output>
        </test-method> <!-- dataDrivenTest -->
        <test-method status="PASS" signature="dataDrivenTest(java.lang.String, java.lang.String, java.lang.String, java.lang.String, java.lang.String, java.lang.String, java.lang.String, java.lang.String)[pri:0, instance:com.scott.api.test.NegativeCalculateCostTest@59e84876]" name="dataDrivenTest" duration-ms="120" started-at="2020-09-18T12:45:13Z" data-provider="data-provider" finished-at="2020-09-18T12:45:13Z">
          <params>
            <param index="0">
              <value>
                <![CDATA[2122]]>
              </value>
            </param>
            <param index="1">
              <value>
                <![CDATA[ 2122]]>
              </value>
            </param>
            <param index="2">
              <value>
                <![CDATA[ 10]]>
              </value>
            </param>
            <param index="3">
              <value>
                <![CDATA[ 10]]>
              </value>
            </param>
            <param index="4">
              <value>
                <![CDATA[ 10]]>
              </value>
            </param>
            <param index="5">
              <value>
                <![CDATA[200000]]>
              </value>
            </param>
            <param index="6">
              <value>
                <![CDATA[AUS_PARCEL_EXPRESS]]>
              </value>
            </param>
            <param index="7">
              <value>
                <![CDATA[The maximum weight of a parcel is 22 kg.]]>
              </value>
            </param>
          </params>
          <reporter-output>
          </reporter-output>
        </test-method> <!-- dataDrivenTest -->
      </class> <!-- com.scott.api.test.NegativeCalculateCostTest -->
    </test> <!-- CPGroupTest -->
  </suite> <!-- CPGroupTest -->
</testng-results>
