<?xml version="1.0" encoding="UTF-8"?>
<testsuite xmlns:xsi="http://www.w3.org/2001/XMLSchema-instance" xsi:noNamespaceSchemaLocation="https://maven.apache.org/surefire/maven-surefire-plugin/xsd/surefire-test-report.xsd" name="TestSuite" time="7.594" tests="17" errors="0" skipped="0" failures="0">
  <properties>
[...]
</properties>
  <testcase name="dataDrivenTest" classname="com.scott.api.test.EndToEndPositiveTest" time="2.207"/>
  <testcase name="dataDrivenTest" classname="com.scott.api.test.EndToEndPositiveTest" time="0.519"/>
  <testcase name="dataDrivenTest" classname="com.scott.api.test.NegativeLocationTest" time="0.036"/>
  <testcase name="dataDrivenTest" classname="com.scott.api.test.NegativeLocationTest" time="0.091"/>
  <testcase name="dataDrivenTest" classname="com.scott.api.test.NegativeServiceTest" time="0.638"/>
  <testcase name="dataDrivenTest" classname="com.scott.api.test.NegativeServiceTest" time="0.071"/>
  <testcase name="dataDrivenTest" classname="com.scott.api.test.NegativeServiceTest" time="0.102"/>
  <testcase name="dataDrivenTest" classname="com.scott.api.test.NegativeServiceTest" time="0.067"/>
  <testcase name="dataDrivenTest" classname="com.scott.api.test.NegativeServiceTest" time="0.063"/>
  <testcase name="dataDrivenTest" classname="com.scott.api.test.NegativeServiceTest" time="0.053"/>
  <testcase name="dataDrivenTest" classname="com.scott.api.test.NegativeCalculateCostTest" time="0.049"/>
  <testcase name="dataDrivenTest" classname="com.scott.api.test.NegativeCalculateCostTest" time="0.057"/>
  <testcase name="dataDrivenTest" classname="com.scott.api.test.NegativeCalculateCostTest" time="0.111"/>
  <testcase name="dataDrivenTest" classname="com.scott.api.test.NegativeCalculateCostTest" time="0.064"/>
  <testcase name="dataDrivenTest" classname="com.scott.api.test.NegativeCalculateCostTest" time="0.115"/>
  <testcase name="dataDrivenTest" classname="com.scott.api.test.NegativeCalculateCostTest" time="0.134"/>
  <testcase name="dataDrivenTest" classname="com.scott.api.test.NegativeCalculateCostTest" time="0.073"/>
</testsuite>